<?xml version="1.0" encoding="utf-8"?><testsuites name="pytest tests"><testsuite name="pytest" errors="0" failures="1" skipped="0" tests="20" time="6.459" timestamp="2026-06-18T10:25:07.143098+00:00" hostname="agent-env-b141d4ca-ae60-4565-9769-51c457b4c0db"><testcase classname="tests.test_groups_and_leads.TestGroups" name="test_pro_can_list_groups" time="0.591" /><testcase classname="tests.test_groups_and_leads.TestGroups" name="test_free_user_forbidden_create" time="0.461" /><testcase classname="tests.test_groups_and_leads.TestGroups" name="test_free_user_forbidden_list" time="0.099" /><testcase classname="tests.test_groups_and_leads.TestGroups" name="test_create_group_dedupes_emails" time="0.189" /><testcase classname="tests.test_groups_and_leads.TestGroups" name="test_duplicate_name_case_insensitive" time="0.287" /><testcase classname="tests.test_groups_and_leads.TestGroups" name="test_empty_name_rejected" time="0.096" /><testcase classname="tests.test_groups_and_leads.TestGroups" name="test_update_and_delete_group" time="0.500" /><testcase classname="tests.test_groups_and_leads.TestGroups" name="test_update_to_existing_name_rejected" time="0.538" /><testcase classname="tests.test_groups_and_leads.TestGroups" name="test_teams_user_can_create_group" time="0.566" /><testcase classname="tests.test_groups_and_leads.TestGroups" name="test_delete_nonexistent_group_returns_404" time="0.095" /><testcase classname="tests.test_groups_and_leads.TestLeads" name="test_icp_guide_returns_data" time="0.099" /><testcase classname="tests.test_groups_and_leads.TestLeads" name="test_icp_available_to_free_user" time="0.099" /><testcase classname="tests.test_groups_and_leads.TestLeads" name="test_create_lead_and_persist" time="0.316" /><testcase classname="tests.test_groups_and_leads.TestLeads" name="test_create_lead_empty_name_rejected" time="0.096" /><testcase classname="tests.test_groups_and_leads.TestLeads" name="test_import_leads_skips_empty_names" time="0.490" /><testcase classname="tests.test_groups_and_leads.TestLeads" name="test_update_lead_status" time="0.390" /><testcase classname="tests.test_groups_and_leads.TestLeads" name="test_status_counts_present" time="0.620" /><testcase classname="tests.test_groups_and_leads.TestLeads" name="test_lead_per_owner_isolation" time="0.384" /><testcase classname="tests.test_groups_and_leads.TestLeads" name="test_delete_lead_verify_404_after" time="0.277" /><testcase classname="tests.test_groups_and_leads.TestTaskCreationRegression" name="test_create_task_without_note_or_category" time="0.196"><failure message="AssertionError: task create failed: 422 {&quot;detail&quot;:[{&quot;type&quot;:&quot;missing&quot;,&quot;loc&quot;:[&quot;body&quot;,&quot;assigned_to&quot;],&quot;msg&quot;:&quot;Field required&quot;,&quot;input&quot;:{&quot;title&quot;:&quot;TEST_regression_task&quot;,&quot;description&quot;:&quot;no note no category&quot;,&quot;assignee_emails&quot;:[&quot;prouser@acmecorp.com&quot;],&quot;due_date&quot;:&quot;2030-01-15T09:00&quot;,&quot;priority&quot;:&quot;medium&quot;},&quot;url&quot;:&quot;https://errors.pydantic.dev/2.12/v/missing&quot;}]}&#10;assert 422 in (200, 201)&#10; +  where 422 = &lt;Response [422]&gt;.status_code">tests/test_groups_and_leads.py:327: in test_create_task_without_note_or_category
    assert r.status_code in (200, 201), f"task create failed: {r.status_code} {r.text}"
E   AssertionError: task create failed: 422 {"detail":[{"type":"missing","loc":["body","assigned_to"],"msg":"Field required","input":{"title":"TEST_regression_task","description":"no note no category","assignee_emails":["prouser@acmecorp.com"],"due_date":"2030-01-15T09:00","priority":"medium"},"url":"https://errors.pydantic.dev/2.12/v/missing"}]}
E   assert 422 in (200, 201)
E    +  where 422 = &lt;Response [422]&gt;.status_code</failure></testcase></testsuite></testsuites>