<?xml version="1.0" encoding="utf-8"?><testsuites name="pytest tests"><testsuite name="pytest" errors="0" failures="0" skipped="0" tests="14" time="50.980" timestamp="2026-07-02T16:10:11.042963+00:00" hostname="agent-env-b141d4ca-ae60-4565-9769-51c457b4c0db"><testcase classname="tests.test_phase3_5.TestParentGroups" name="test_bulk_multi_assignee_creates_parent" time="1.001" /><testcase classname="tests.test_phase3_5.TestParentGroups" name="test_children_hidden_from_owner_assigned_by_me" time="0.461" /><testcase classname="tests.test_phase3_5.TestParentGroups" name="test_assignee_sees_own_child_in_assigned_to_me" time="0.798" /><testcase classname="tests.test_phase3_5.TestParentGroups" name="test_remind_outstanding_only_creator" time="24.377" /><testcase classname="tests.test_phase3_5.TestPush" name="test_vapid_public_key_returns_key" time="0.150" /><testcase classname="tests.test_phase3_5.TestPush" name="test_subscribe_requires_auth" time="0.154" /><testcase classname="tests.test_phase3_5.TestPush" name="test_subscribe_stores_subscription" time="20.431" /><testcase classname="tests.test_phase3_5.TestVoice" name="test_query_outstanding" time="1.147" /><testcase classname="tests.test_phase3_5.TestVoice" name="test_empty_transcript_rejected" time="0.117" /><testcase classname="tests.test_phase3_5.TestVoice" name="test_requires_auth" time="0.116" /><testcase classname="tests.test_phase3_5.TestVoice" name="test_create_task_via_voice" time="1.568" /><testcase classname="tests.test_phase3_5.TestRegression" name="test_team_endpoints_load" time="0.120" /><testcase classname="tests.test_phase3_5.TestRegression" name="test_analytics_runs_without_error" time="0.104" /><testcase classname="tests.test_phase3_5.TestRegression" name="test_single_assignee_task_still_works" time="0.350" /></testsuite></testsuites>