<?xml version="1.0" encoding="utf-8"?><testsuites name="pytest tests"><testsuite name="pytest" errors="0" failures="0" skipped="0" tests="26" time="6.886" timestamp="2026-06-18T12:38:11.837940+00:00" hostname="agent-env-b141d4ca-ae60-4565-9769-51c457b4c0db"><testcase classname="tests.test_groups_and_leads.TestGroups" name="test_pro_can_list_groups" time="0.688" /><testcase classname="tests.test_groups_and_leads.TestGroups" name="test_free_user_forbidden_create" time="0.474" /><testcase classname="tests.test_groups_and_leads.TestGroups" name="test_free_user_forbidden_list" time="0.115" /><testcase classname="tests.test_groups_and_leads.TestGroups" name="test_create_group_dedupes_emails" time="0.216" /><testcase classname="tests.test_groups_and_leads.TestGroups" name="test_duplicate_name_case_insensitive" time="0.315" /><testcase classname="tests.test_groups_and_leads.TestGroups" name="test_empty_name_rejected" time="0.098" /><testcase classname="tests.test_groups_and_leads.TestGroups" name="test_update_and_delete_group" time="0.287" /><testcase classname="tests.test_groups_and_leads.TestGroups" name="test_teams_user_can_create_group" time="0.582" /><testcase classname="tests.test_groups_and_leads.TestGroups" name="test_delete_nonexistent_group_returns_404" time="0.099" /><testcase classname="tests.test_groups_and_leads.TestLeadsAdminGating" name="test_admin_login_returns_token" time="0.132" /><testcase classname="tests.test_groups_and_leads.TestLeadsAdminGating" name="test_admin_login_wrong_password" time="0.104" /><testcase classname="tests.test_groups_and_leads.TestLeadsAdminGating" name="test_leads_list_no_token" time="0.095" /><testcase classname="tests.test_groups_and_leads.TestLeadsAdminGating" name="test_leads_list_with_user_token_forbidden" time="0.131" /><testcase classname="tests.test_groups_and_leads.TestLeadsAdminGating" name="test_leads_create_with_user_token_forbidden" time="0.100" /><testcase classname="tests.test_groups_and_leads.TestLeadsAdminGating" name="test_icp_with_user_token_forbidden" time="0.091" /><testcase classname="tests.test_groups_and_leads.TestLeadsAdminCRUD" name="test_icp_with_admin" time="0.221" /><testcase classname="tests.test_groups_and_leads.TestLeadsAdminCRUD" name="test_create_lead_and_persist" time="0.307" /><testcase classname="tests.test_groups_and_leads.TestLeadsAdminCRUD" name="test_create_lead_empty_name_rejected" time="0.094" /><testcase classname="tests.test_groups_and_leads.TestLeadsAdminCRUD" name="test_import_skips_empty_names_and_falls_back_status" time="0.485" /><testcase classname="tests.test_groups_and_leads.TestLeadsAdminCRUD" name="test_update_lead_status" time="0.426" /><testcase classname="tests.test_groups_and_leads.TestLeadsAdminCRUD" name="test_status_counts_and_filter" time="0.610" /><testcase classname="tests.test_groups_and_leads.TestLeadsAdminCRUD" name="test_delete_lead_then_404" time="0.298" /><testcase classname="tests.test_groups_and_leads.TestApollo" name="test_apollo_search_requires_admin" time="0.094" /><testcase classname="tests.test_groups_and_leads.TestApollo" name="test_apollo_search_no_token" time="0.103" /><testcase classname="tests.test_groups_and_leads.TestApollo" name="test_apollo_search_returns_402_free_plan" time="0.357" /><testcase classname="tests.test_groups_and_leads.TestTaskCreationRegression" name="test_create_task_without_note_or_category" time="0.304" /></testsuite></testsuites>