<?xml version="1.0" encoding="utf-8"?><testsuites name="pytest tests"><testsuite name="pytest" errors="0" failures="0" skipped="0" tests="11" time="1.000" timestamp="2026-01-22T01:20:11.714563+00:00" hostname="agent-env-f0c442bf-2008-4d69-ab8f-2665c9b4109d"><testcase classname="tests.test_dashboard_filters.TestDashboardStatusFilter" name="test_dashboard_active_filter" time="0.377" /><testcase classname="tests.test_dashboard_filters.TestDashboardStatusFilter" name="test_dashboard_completed_filter" time="0.043" /><testcase classname="tests.test_dashboard_filters.TestDashboardStatusFilter" name="test_dashboard_all_filter" time="0.082" /><testcase classname="tests.test_dashboard_filters.TestDashboardStatusFilter" name="test_dashboard_default_filter_is_active" time="0.051" /><testcase classname="tests.test_dashboard_filters.TestDashboardDateFilter" name="test_dashboard_date_range_filter" time="0.075" /><testcase classname="tests.test_dashboard_filters.TestDashboardDateFilter" name="test_dashboard_this_week_filter" time="0.035" /><testcase classname="tests.test_dashboard_filters.TestDashboardDateFilter" name="test_dashboard_next_month_filter" time="0.041" /><testcase classname="tests.test_dashboard_filters.TestDashboardDateFilter" name="test_dashboard_combined_status_and_date_filter" time="0.036" /><testcase classname="tests.test_dashboard_filters.TestDashboardDateFilter" name="test_dashboard_empty_date_range" time="0.042" /><testcase classname="tests.test_dashboard_filters.TestDashboardResponseStructure" name="test_dashboard_response_structure" time="0.041" /><testcase classname="tests.test_dashboard_filters.TestDashboardResponseStructure" name="test_task_response_structure" time="0.045" /></testsuite></testsuites>